


ARM Macro Assembler    Page 1 


    1 00000000         ;******************** (C) COPYRIGHT 2011 STMicroelectron
                       ics ********************
    2 00000000         ;* File Name          : startup_stm32f10x_hd.s
    3 00000000         ;* Author             : MCD Application Team
    4 00000000         ;* Version            : V3.5.0
    5 00000000         ;* Date               : 11-March-2011
    6 00000000         ;* Description        : STM32F10x High Density Devices v
                       ector table for MDK-ARM 
    7 00000000         ;*                      toolchain. 
    8 00000000         ;*                      This module performs:
    9 00000000         ;*                      - Set the initial SP
   10 00000000         ;*                      - Set the initial PC == Reset_Ha
                       ndler
   11 00000000         ;*                      - Set the vector table entries w
                       ith the exceptions ISR address
   12 00000000         ;*                      - Configure the clock system and
                        also configure the external 
   13 00000000         ;*                        SRAM mounted on STM3210E-EVAL 
                       board to be used as data 
   14 00000000         ;*                        memory (optional, to be enable
                       d by user)
   15 00000000         ;*                      - Branches to __main in the C li
                       brary (which eventually
   16 00000000         ;*                        calls main()).
   17 00000000         ;*                      After Reset the CortexM3 process
                       or is in Thread mode,
   18 00000000         ;*                      priority is Privileged, and the 
                       Stack is set to Main.
   19 00000000         ;* <<< Use Configuration Wizard in Context Menu >>>   
   20 00000000         ;*******************************************************
                       ************************
   21 00000000         ; THE PRESENT FIRMWARE WHICH IS FOR GUIDANCE ONLY AIMS A
                       T PROVIDING CUSTOMERS
   22 00000000         ; WITH CODING INFORMATION REGARDING THEIR PRODUCTS IN OR
                       DER FOR THEM TO SAVE TIME.
   23 00000000         ; AS A RESULT, STMICROELECTRONICS SHALL NOT BE HELD LIAB
                       LE FOR ANY DIRECT,
   24 00000000         ; INDIRECT OR CONSEQUENTIAL DAMAGES WITH RESPECT TO ANY 
                       CLAIMS ARISING FROM THE
   25 00000000         ; CONTENT OF SUCH FIRMWARE AND/OR THE USE MADE BY CUSTOM
                       ERS OF THE CODING
   26 00000000         ; INFORMATION CONTAINED HEREIN IN CONNECTION WITH THEIR 
                       PRODUCTS.
   27 00000000         ;*******************************************************
                       ************************
   28 00000000         
   29 00000000         ; Amount of memory (in bytes) allocated for Stack
   30 00000000         ; Tailor this value to your application needs
   31 00000000         ; <h> Stack Configuration
   32 00000000         ;   <o> Stack Size (in Bytes) <0x0-0xFFFFFFFF:8>
   33 00000000         ; </h>
   34 00000000         
   35 00000000 00000400 
                       Stack_Size
                               EQU              0x00000400
   36 00000000         
   37 00000000                 AREA             STACK, NOINIT, READWRITE, ALIGN
=3
   38 00000000         Stack_Mem



ARM Macro Assembler    Page 2 


                               SPACE            Stack_Size
   39 00000400         __initial_sp
   40 00000400         
   41 00000400         ; <h> Heap Configuration
   42 00000400         ;   <o>  Heap Size (in Bytes) <0x0-0xFFFFFFFF:8>
   43 00000400         ; </h>
   44 00000400         
   45 00000400 00000200 
                       Heap_Size
                               EQU              0x00000200
   46 00000400         
   47 00000400                 AREA             HEAP, NOINIT, READWRITE, ALIGN=
3
   48 00000000         __heap_base
   49 00000000         Heap_Mem
                               SPACE            Heap_Size
   50 00000200         __heap_limit
   51 00000200         
   52 00000200                 PRESERVE8
   53 00000200                 THUMB
   54 00000200         
   55 00000200         
   56 00000200         ; Vector Table Mapped to Address 0 at Reset
   57 00000200                 AREA             RESET, DATA, READONLY
   58 00000000                 EXPORT           __Vectors
   59 00000000                 EXPORT           __Vectors_End
   60 00000000                 EXPORT           __Vectors_Size
   61 00000000                 IMPORT           vPortSVCHandler
   62 00000000                 IMPORT           xPortPendSVHandler
   63 00000000                 IMPORT           xPortSysTickHandler
   64 00000000         
   65 00000000 00000000 
                       __Vectors
                               DCD              __initial_sp ; Top of Stack
   66 00000004 00000000        DCD              Reset_Handler ; Reset Handler
   67 00000008 00000000        DCD              NMI_Handler ; NMI Handler
   68 0000000C 00000000        DCD              HardFault_Handler ; Hard Fault 
                                                            Handler
   69 00000010 00000000        DCD              MemManage_Handler 
                                                            ; MPU Fault Handler
                                                            
   70 00000014 00000000        DCD              BusFault_Handler 
                                                            ; Bus Fault Handler
                                                            
   71 00000018 00000000        DCD              UsageFault_Handler ; Usage Faul
                                                            t Handler
   72 0000001C 00000000        DCD              0           ; Reserved
   73 00000020 00000000        DCD              0           ; Reserved
   74 00000024 00000000        DCD              0           ; Reserved
   75 00000028 00000000        DCD              0           ; Reserved
   76 0000002C 00000000        DCD              vPortSVCHandler ; SVCall Handle
                                                            r (FreeRTOS)
   77 00000030 00000000        DCD              DebugMon_Handler ; Debug Monito
                                                            r Handler
   78 00000034 00000000        DCD              0           ; Reserved
   79 00000038 00000000        DCD              xPortPendSVHandler ; PendSV Han
                                                            dler (FreeRTOS)
   80 0000003C 00000000        DCD              xPortSysTickHandler ; SysTick H
                                                            andler (FreeRTOS)



ARM Macro Assembler    Page 3 


   81 00000040         
   82 00000040         ; External Interrupts
   83 00000040 00000000        DCD              WWDG_IRQHandler 
                                                            ; Window Watchdog
   84 00000044 00000000        DCD              PVD_IRQHandler ; PVD through EX
                                                            TI Line detect
   85 00000048 00000000        DCD              TAMPER_IRQHandler ; Tamper
   86 0000004C 00000000        DCD              RTC_IRQHandler ; RTC
   87 00000050 00000000        DCD              FLASH_IRQHandler ; Flash
   88 00000054 00000000        DCD              RCC_IRQHandler ; RCC
   89 00000058 00000000        DCD              EXTI0_IRQHandler ; EXTI Line 0
   90 0000005C 00000000        DCD              EXTI1_IRQHandler ; EXTI Line 1
   91 00000060 00000000        DCD              EXTI2_IRQHandler ; EXTI Line 2
   92 00000064 00000000        DCD              EXTI3_IRQHandler ; EXTI Line 3
   93 00000068 00000000        DCD              EXTI4_IRQHandler ; EXTI Line 4
   94 0000006C 00000000        DCD              DMA1_Channel1_IRQHandler 
                                                            ; DMA1 Channel 1
   95 00000070 00000000        DCD              DMA1_Channel2_IRQHandler 
                                                            ; DMA1 Channel 2
   96 00000074 00000000        DCD              DMA1_Channel3_IRQHandler 
                                                            ; DMA1 Channel 3
   97 00000078 00000000        DCD              DMA1_Channel4_IRQHandler 
                                                            ; DMA1 Channel 4
   98 0000007C 00000000        DCD              DMA1_Channel5_IRQHandler 
                                                            ; DMA1 Channel 5
   99 00000080 00000000        DCD              DMA1_Channel6_IRQHandler 
                                                            ; DMA1 Channel 6
  100 00000084 00000000        DCD              DMA1_Channel7_IRQHandler 
                                                            ; DMA1 Channel 7
  101 00000088 00000000        DCD              ADC1_2_IRQHandler ; ADC1 & ADC2
                                                            
  102 0000008C 00000000        DCD              USB_HP_CAN1_TX_IRQHandler ; USB
                                                             High Priority or C
                                                            AN1 TX
  103 00000090 00000000        DCD              USB_LP_CAN1_RX0_IRQHandler ; US
                                                            B Low  Priority or 
                                                            CAN1 RX0
  104 00000094 00000000        DCD              CAN1_RX1_IRQHandler ; CAN1 RX1
  105 00000098 00000000        DCD              CAN1_SCE_IRQHandler ; CAN1 SCE
  106 0000009C 00000000        DCD              EXTI9_5_IRQHandler 
                                                            ; EXTI Line 9..5
  107 000000A0 00000000        DCD              TIM1_BRK_IRQHandler 
                                                            ; TIM1 Break
  108 000000A4 00000000        DCD              TIM1_UP_IRQHandler 
                                                            ; TIM1 Update
  109 000000A8 00000000        DCD              TIM1_TRG_COM_IRQHandler ; TIM1 
                                                            Trigger and Commuta
                                                            tion
  110 000000AC 00000000        DCD              TIM1_CC_IRQHandler ; TIM1 Captu
                                                            re Compare
  111 000000B0 00000000        DCD              TIM2_IRQHandler ; TIM2
  112 000000B4 00000000        DCD              TIM3_IRQHandler ; TIM3
  113 000000B8 00000000        DCD              TIM4_IRQHandler ; TIM4
  114 000000BC 00000000        DCD              I2C1_EV_IRQHandler ; I2C1 Event
                                                            
  115 000000C0 00000000        DCD              I2C1_ER_IRQHandler ; I2C1 Error
                                                            
  116 000000C4 00000000        DCD              I2C2_EV_IRQHandler ; I2C2 Event
                                                            



ARM Macro Assembler    Page 4 


  117 000000C8 00000000        DCD              I2C2_ER_IRQHandler ; I2C2 Error
                                                            
  118 000000CC 00000000        DCD              SPI1_IRQHandler ; SPI1
  119 000000D0 00000000        DCD              SPI2_IRQHandler ; SPI2
  120 000000D4 00000000        DCD              USART1_IRQHandler ; USART1
  121 000000D8 00000000        DCD              USART2_IRQHandler ; USART2
  122 000000DC 00000000        DCD              USART3_IRQHandler ; USART3
  123 000000E0 00000000        DCD              EXTI15_10_IRQHandler 
                                                            ; EXTI Line 15..10
  124 000000E4 00000000        DCD              RTCAlarm_IRQHandler ; RTC Alarm
                                                             through EXTI Line
  125 000000E8 00000000        DCD              USBWakeUp_IRQHandler ; USB Wake
                                                            up from suspend
  126 000000EC 00000000        DCD              TIM8_BRK_IRQHandler 
                                                            ; TIM8 Break
  127 000000F0 00000000        DCD              TIM8_UP_IRQHandler 
                                                            ; TIM8 Update
  128 000000F4 00000000        DCD              TIM8_TRG_COM_IRQHandler ; TIM8 
                                                            Trigger and Commuta
                                                            tion
  129 000000F8 00000000        DCD              TIM8_CC_IRQHandler ; TIM8 Captu
                                                            re Compare
  130 000000FC 00000000        DCD              ADC3_IRQHandler ; ADC3
  131 00000100 00000000        DCD              FSMC_IRQHandler ; FSMC
  132 00000104 00000000        DCD              SDIO_IRQHandler ; SDIO
  133 00000108 00000000        DCD              TIM5_IRQHandler ; TIM5
  134 0000010C 00000000        DCD              SPI3_IRQHandler ; SPI3
  135 00000110 00000000        DCD              UART4_IRQHandler ; UART4
  136 00000114 00000000        DCD              UART5_IRQHandler ; UART5
  137 00000118 00000000        DCD              TIM6_IRQHandler ; TIM6
  138 0000011C 00000000        DCD              TIM7_IRQHandler ; TIM7
  139 00000120 00000000        DCD              DMA2_Channel1_IRQHandler 
                                                            ; DMA2 Channel1
  140 00000124 00000000        DCD              DMA2_Channel2_IRQHandler 
                                                            ; DMA2 Channel2
  141 00000128 00000000        DCD              DMA2_Channel3_IRQHandler 
                                                            ; DMA2 Channel3
  142 0000012C 00000000        DCD              DMA2_Channel4_5_IRQHandler ; DM
                                                            A2 Channel4 & Chann
                                                            el5
  143 00000130         __Vectors_End
  144 00000130         
  145 00000130 00000130 
                       __Vectors_Size
                               EQU              __Vectors_End - __Vectors
  146 00000130         
  147 00000130                 AREA             |.text|, CODE, READONLY
  148 00000000         
  149 00000000         ; Reset handler
  150 00000000         Reset_Handler
                               PROC
  151 00000000                 EXPORT           Reset_Handler             [WEAK
]
  152 00000000                 IMPORT           __main
  153 00000000                 IMPORT           SystemInit
  154 00000000 4805            LDR              R0, =SystemInit
  155 00000002 4780            BLX              R0
  156 00000004 4805            LDR              R0, =__main
  157 00000006 4700            BX               R0



ARM Macro Assembler    Page 5 


  158 00000008                 ENDP
  159 00000008         
  160 00000008         ; Dummy Exception Handlers (infinite loops which can be 
                       modified)
  161 00000008         
  162 00000008         NMI_Handler
                               PROC
  163 00000008                 EXPORT           NMI_Handler                [WEA
K]
  164 00000008 E7FE            B                .
  165 0000000A                 ENDP
  167 0000000A         HardFault_Handler
                               PROC
  168 0000000A                 EXPORT           HardFault_Handler          [WEA
K]
  169 0000000A E7FE            B                .
  170 0000000C                 ENDP
  172 0000000C         MemManage_Handler
                               PROC
  173 0000000C                 EXPORT           MemManage_Handler          [WEA
K]
  174 0000000C E7FE            B                .
  175 0000000E                 ENDP
  177 0000000E         BusFault_Handler
                               PROC
  178 0000000E                 EXPORT           BusFault_Handler           [WEA
K]
  179 0000000E E7FE            B                .
  180 00000010                 ENDP
  182 00000010         UsageFault_Handler
                               PROC
  183 00000010                 EXPORT           UsageFault_Handler         [WEA
K]
  184 00000010 E7FE            B                .
  185 00000012                 ENDP
  187 00000012         DebugMon_Handler
                               PROC
  188 00000012                 EXPORT           DebugMon_Handler           [WEA
K]
  189 00000012 E7FE            B                .
  190 00000014                 ENDP
  191 00000014         
  192 00000014         Default_Handler
                               PROC
  193 00000014         
  194 00000014                 EXPORT           WWDG_IRQHandler            [WEA
K]
  195 00000014                 EXPORT           PVD_IRQHandler             [WEA
K]
  196 00000014                 EXPORT           TAMPER_IRQHandler          [WEA
K]
  197 00000014                 EXPORT           RTC_IRQHandler             [WEA
K]
  198 00000014                 EXPORT           FLASH_IRQHandler           [WEA
K]
  199 00000014                 EXPORT           RCC_IRQHandler             [WEA
K]
  200 00000014                 EXPORT           EXTI0_IRQHandler           [WEA
K]



ARM Macro Assembler    Page 6 


  201 00000014                 EXPORT           EXTI1_IRQHandler           [WEA
K]
  202 00000014                 EXPORT           EXTI2_IRQHandler           [WEA
K]
  203 00000014                 EXPORT           EXTI3_IRQHandler           [WEA
K]
  204 00000014                 EXPORT           EXTI4_IRQHandler           [WEA
K]
  205 00000014                 EXPORT           DMA1_Channel1_IRQHandler   [WEA
K]
  206 00000014                 EXPORT           DMA1_Channel2_IRQHandler   [WEA
K]
  207 00000014                 EXPORT           DMA1_Channel3_IRQHandler   [WEA
K]
  208 00000014                 EXPORT           DMA1_Channel4_IRQHandler   [WEA
K]
  209 00000014                 EXPORT           DMA1_Channel5_IRQHandler   [WEA
K]
  210 00000014                 EXPORT           DMA1_Channel6_IRQHandler   [WEA
K]
  211 00000014                 EXPORT           DMA1_Channel7_IRQHandler   [WEA
K]
  212 00000014                 EXPORT           ADC1_2_IRQHandler          [WEA
K]
  213 00000014                 EXPORT           USB_HP_CAN1_TX_IRQHandler  [WEA
K]
  214 00000014                 EXPORT           USB_LP_CAN1_RX0_IRQHandler [WEA
K]
  215 00000014                 EXPORT           CAN1_RX1_IRQHandler        [WEA
K]
  216 00000014                 EXPORT           CAN1_SCE_IRQHandler        [WEA
K]
  217 00000014                 EXPORT           EXTI9_5_IRQHandler         [WEA
K]
  218 00000014                 EXPORT           TIM1_BRK_IRQHandler        [WEA
K]
  219 00000014                 EXPORT           TIM1_UP_IRQHandler         [WEA
K]
  220 00000014                 EXPORT           TIM1_TRG_COM_IRQHandler    [WEA
K]
  221 00000014                 EXPORT           TIM1_CC_IRQHandler         [WEA
K]
  222 00000014                 EXPORT           TIM2_IRQHandler            [WEA
K]
  223 00000014                 EXPORT           TIM3_IRQHandler            [WEA
K]
  224 00000014                 EXPORT           TIM4_IRQHandler            [WEA
K]
  225 00000014                 EXPORT           I2C1_EV_IRQHandler         [WEA
K]
  226 00000014                 EXPORT           I2C1_ER_IRQHandler         [WEA
K]
  227 00000014                 EXPORT           I2C2_EV_IRQHandler         [WEA
K]
  228 00000014                 EXPORT           I2C2_ER_IRQHandler         [WEA
K]
  229 00000014                 EXPORT           SPI1_IRQHandler            [WEA
K]
  230 00000014                 EXPORT           SPI2_IRQHandler            [WEA



ARM Macro Assembler    Page 7 


K]
  231 00000014                 EXPORT           USART1_IRQHandler          [WEA
K]
  232 00000014                 EXPORT           USART2_IRQHandler          [WEA
K]
  233 00000014                 EXPORT           USART3_IRQHandler          [WEA
K]
  234 00000014                 EXPORT           EXTI15_10_IRQHandler       [WEA
K]
  235 00000014                 EXPORT           RTCAlarm_IRQHandler        [WEA
K]
  236 00000014                 EXPORT           USBWakeUp_IRQHandler       [WEA
K]
  237 00000014                 EXPORT           TIM8_BRK_IRQHandler        [WEA
K]
  238 00000014                 EXPORT           TIM8_UP_IRQHandler         [WEA
K]
  239 00000014                 EXPORT           TIM8_TRG_COM_IRQHandler    [WEA
K]
  240 00000014                 EXPORT           TIM8_CC_IRQHandler         [WEA
K]
  241 00000014                 EXPORT           ADC3_IRQHandler            [WEA
K]
  242 00000014                 EXPORT           FSMC_IRQHandler            [WEA
K]
  243 00000014                 EXPORT           SDIO_IRQHandler            [WEA
K]
  244 00000014                 EXPORT           TIM5_IRQHandler            [WEA
K]
  245 00000014                 EXPORT           SPI3_IRQHandler            [WEA
K]
  246 00000014                 EXPORT           UART4_IRQHandler           [WEA
K]
  247 00000014                 EXPORT           UART5_IRQHandler           [WEA
K]
  248 00000014                 EXPORT           TIM6_IRQHandler            [WEA
K]
  249 00000014                 EXPORT           TIM7_IRQHandler            [WEA
K]
  250 00000014                 EXPORT           DMA2_Channel1_IRQHandler   [WEA
K]
  251 00000014                 EXPORT           DMA2_Channel2_IRQHandler   [WEA
K]
  252 00000014                 EXPORT           DMA2_Channel3_IRQHandler   [WEA
K]
  253 00000014                 EXPORT           DMA2_Channel4_5_IRQHandler [WEA
K]
  254 00000014         
  255 00000014         WWDG_IRQHandler
  256 00000014         PVD_IRQHandler
  257 00000014         TAMPER_IRQHandler
  258 00000014         RTC_IRQHandler
  259 00000014         FLASH_IRQHandler
  260 00000014         RCC_IRQHandler
  261 00000014         EXTI0_IRQHandler
  262 00000014         EXTI1_IRQHandler
  263 00000014         EXTI2_IRQHandler
  264 00000014         EXTI3_IRQHandler
  265 00000014         EXTI4_IRQHandler



ARM Macro Assembler    Page 8 


  266 00000014         DMA1_Channel1_IRQHandler
  267 00000014         DMA1_Channel2_IRQHandler
  268 00000014         DMA1_Channel3_IRQHandler
  269 00000014         DMA1_Channel4_IRQHandler
  270 00000014         DMA1_Channel5_IRQHandler
  271 00000014         DMA1_Channel6_IRQHandler
  272 00000014         DMA1_Channel7_IRQHandler
  273 00000014         ADC1_2_IRQHandler
  274 00000014         USB_HP_CAN1_TX_IRQHandler
  275 00000014         USB_LP_CAN1_RX0_IRQHandler
  276 00000014         CAN1_RX1_IRQHandler
  277 00000014         CAN1_SCE_IRQHandler
  278 00000014         EXTI9_5_IRQHandler
  279 00000014         TIM1_BRK_IRQHandler
  280 00000014         TIM1_UP_IRQHandler
  281 00000014         TIM1_TRG_COM_IRQHandler
  282 00000014         TIM1_CC_IRQHandler
  283 00000014         TIM2_IRQHandler
  284 00000014         TIM3_IRQHandler
  285 00000014         TIM4_IRQHandler
  286 00000014         I2C1_EV_IRQHandler
  287 00000014         I2C1_ER_IRQHandler
  288 00000014         I2C2_EV_IRQHandler
  289 00000014         I2C2_ER_IRQHandler
  290 00000014         SPI1_IRQHandler
  291 00000014         SPI2_IRQHandler
  292 00000014         USART1_IRQHandler
  293 00000014         USART2_IRQHandler
  294 00000014         USART3_IRQHandler
  295 00000014         EXTI15_10_IRQHandler
  296 00000014         RTCAlarm_IRQHandler
  297 00000014         USBWakeUp_IRQHandler
  298 00000014         TIM8_BRK_IRQHandler
  299 00000014         TIM8_UP_IRQHandler
  300 00000014         TIM8_TRG_COM_IRQHandler
  301 00000014         TIM8_CC_IRQHandler
  302 00000014         ADC3_IRQHandler
  303 00000014         FSMC_IRQHandler
  304 00000014         SDIO_IRQHandler
  305 00000014         TIM5_IRQHandler
  306 00000014         SPI3_IRQHandler
  307 00000014         UART4_IRQHandler
  308 00000014         UART5_IRQHandler
  309 00000014         TIM6_IRQHandler
  310 00000014         TIM7_IRQHandler
  311 00000014         DMA2_Channel1_IRQHandler
  312 00000014         DMA2_Channel2_IRQHandler
  313 00000014         DMA2_Channel3_IRQHandler
  314 00000014         DMA2_Channel4_5_IRQHandler
  315 00000014 E7FE            B                .
  316 00000016         
  317 00000016                 ENDP
  318 00000016         
  319 00000016 00 00           ALIGN
  320 00000018         
  321 00000018         ;*******************************************************
                       ************************
  322 00000018         ; User Stack and Heap initialization
  323 00000018         ;*******************************************************



ARM Macro Assembler    Page 9 


                       ************************
  324 00000018                 IF               :DEF:__MICROLIB
  325 00000018         
  326 00000018                 EXPORT           __initial_sp
  327 00000018                 EXPORT           __heap_base
  328 00000018                 EXPORT           __heap_limit
  329 00000018         
  330 00000018                 ELSE
  345                          ENDIF
  346 00000018         
  347 00000018                 END
              00000000 
              00000000 
Command Line: --debug --xref --diag_suppress=9931 --cpu=Cortex-M3 --apcs=interw
ork --depend=..\obj\startup_stm32f10x_hd.d -o..\obj\startup_stm32f10x_hd.o -I"D
:\program\project\warehouse environment system\USER\RTE" -ID:\program\KeIl\ARM\
PACK\Keil\STM32F1xx_DFP\1.1.0\Device\Include -ID:\program\KeIl\ARM\CMSIS\Includ
e --predefine="__MICROLIB SETA 1" --predefine="__UVISION_VERSION SETA 516" --pr
edefine="STM32F10X_HD SETA 1" --list=.\startup_stm32f10x_hd.lst ..\CORE\startup
_stm32f10x_hd.s



ARM Macro Assembler    Page 1 Alphabetic symbol ordering
Relocatable symbols

STACK 00000000

Symbol: STACK
   Definitions
      At line 37 in file ..\CORE\startup_stm32f10x_hd.s
   Uses
      None
Comment: STACK unused
Stack_Mem 00000000

Symbol: Stack_Mem
   Definitions
      At line 38 in file ..\CORE\startup_stm32f10x_hd.s
   Uses
      None
Comment: Stack_Mem unused
__initial_sp 00000400

Symbol: __initial_sp
   Definitions
      At line 39 in file ..\CORE\startup_stm32f10x_hd.s
   Uses
      At line 65 in file ..\CORE\startup_stm32f10x_hd.s
      At line 326 in file ..\CORE\startup_stm32f10x_hd.s

3 symbols



ARM Macro Assembler    Page 1 Alphabetic symbol ordering
Relocatable symbols

HEAP 00000000

Symbol: HEAP
   Definitions
      At line 47 in file ..\CORE\startup_stm32f10x_hd.s
   Uses
      None
Comment: HEAP unused
Heap_Mem 00000000

Symbol: Heap_Mem
   Definitions
      At line 49 in file ..\CORE\startup_stm32f10x_hd.s
   Uses
      None
Comment: Heap_Mem unused
__heap_base 00000000

Symbol: __heap_base
   Definitions
      At line 48 in file ..\CORE\startup_stm32f10x_hd.s
   Uses
      At line 327 in file ..\CORE\startup_stm32f10x_hd.s
Comment: __heap_base used once
__heap_limit 00000200

Symbol: __heap_limit
   Definitions
      At line 50 in file ..\CORE\startup_stm32f10x_hd.s
   Uses
      At line 328 in file ..\CORE\startup_stm32f10x_hd.s
Comment: __heap_limit used once
4 symbols



ARM Macro Assembler    Page 1 Alphabetic symbol ordering
Relocatable symbols

RESET 00000000

Symbol: RESET
   Definitions
      At line 57 in file ..\CORE\startup_stm32f10x_hd.s
   Uses
      None
Comment: RESET unused
__Vectors 00000000

Symbol: __Vectors
   Definitions
      At line 65 in file ..\CORE\startup_stm32f10x_hd.s
   Uses
      At line 58 in file ..\CORE\startup_stm32f10x_hd.s
      At line 145 in file ..\CORE\startup_stm32f10x_hd.s

__Vectors_End 00000130

Symbol: __Vectors_End
   Definitions
      At line 143 in file ..\CORE\startup_stm32f10x_hd.s
   Uses
      At line 59 in file ..\CORE\startup_stm32f10x_hd.s
      At line 145 in file ..\CORE\startup_stm32f10x_hd.s

3 symbols



ARM Macro Assembler    Page 1 Alphabetic symbol ordering
Relocatable symbols

.text 00000000

Symbol: .text
   Definitions
      At line 147 in file ..\CORE\startup_stm32f10x_hd.s
   Uses
      None
Comment: .text unused
ADC1_2_IRQHandler 00000014

Symbol: ADC1_2_IRQHandler
   Definitions
      At line 273 in file ..\CORE\startup_stm32f10x_hd.s
   Uses
      At line 101 in file ..\CORE\startup_stm32f10x_hd.s
      At line 212 in file ..\CORE\startup_stm32f10x_hd.s

ADC3_IRQHandler 00000014

Symbol: ADC3_IRQHandler
   Definitions
      At line 302 in file ..\CORE\startup_stm32f10x_hd.s
   Uses
      At line 130 in file ..\CORE\startup_stm32f10x_hd.s
      At line 241 in file ..\CORE\startup_stm32f10x_hd.s

BusFault_Handler 0000000E

Symbol: BusFault_Handler
   Definitions
      At line 177 in file ..\CORE\startup_stm32f10x_hd.s
   Uses
      At line 70 in file ..\CORE\startup_stm32f10x_hd.s
      At line 178 in file ..\CORE\startup_stm32f10x_hd.s

CAN1_RX1_IRQHandler 00000014

Symbol: CAN1_RX1_IRQHandler
   Definitions
      At line 276 in file ..\CORE\startup_stm32f10x_hd.s
   Uses
      At line 104 in file ..\CORE\startup_stm32f10x_hd.s
      At line 215 in file ..\CORE\startup_stm32f10x_hd.s

CAN1_SCE_IRQHandler 00000014

Symbol: CAN1_SCE_IRQHandler
   Definitions
      At line 277 in file ..\CORE\startup_stm32f10x_hd.s
   Uses
      At line 105 in file ..\CORE\startup_stm32f10x_hd.s
      At line 216 in file ..\CORE\startup_stm32f10x_hd.s

DMA1_Channel1_IRQHandler 00000014

Symbol: DMA1_Channel1_IRQHandler
   Definitions
      At line 266 in file ..\CORE\startup_stm32f10x_hd.s
   Uses



ARM Macro Assembler    Page 2 Alphabetic symbol ordering
Relocatable symbols

      At line 94 in file ..\CORE\startup_stm32f10x_hd.s
      At line 205 in file ..\CORE\startup_stm32f10x_hd.s

DMA1_Channel2_IRQHandler 00000014

Symbol: DMA1_Channel2_IRQHandler
   Definitions
      At line 267 in file ..\CORE\startup_stm32f10x_hd.s
   Uses
      At line 95 in file ..\CORE\startup_stm32f10x_hd.s
      At line 206 in file ..\CORE\startup_stm32f10x_hd.s

DMA1_Channel3_IRQHandler 00000014

Symbol: DMA1_Channel3_IRQHandler
   Definitions
      At line 268 in file ..\CORE\startup_stm32f10x_hd.s
   Uses
      At line 96 in file ..\CORE\startup_stm32f10x_hd.s
      At line 207 in file ..\CORE\startup_stm32f10x_hd.s

DMA1_Channel4_IRQHandler 00000014

Symbol: DMA1_Channel4_IRQHandler
   Definitions
      At line 269 in file ..\CORE\startup_stm32f10x_hd.s
   Uses
      At line 97 in file ..\CORE\startup_stm32f10x_hd.s
      At line 208 in file ..\CORE\startup_stm32f10x_hd.s

DMA1_Channel5_IRQHandler 00000014

Symbol: DMA1_Channel5_IRQHandler
   Definitions
      At line 270 in file ..\CORE\startup_stm32f10x_hd.s
   Uses
      At line 98 in file ..\CORE\startup_stm32f10x_hd.s
      At line 209 in file ..\CORE\startup_stm32f10x_hd.s

DMA1_Channel6_IRQHandler 00000014

Symbol: DMA1_Channel6_IRQHandler
   Definitions
      At line 271 in file ..\CORE\startup_stm32f10x_hd.s
   Uses
      At line 99 in file ..\CORE\startup_stm32f10x_hd.s
      At line 210 in file ..\CORE\startup_stm32f10x_hd.s

DMA1_Channel7_IRQHandler 00000014

Symbol: DMA1_Channel7_IRQHandler
   Definitions
      At line 272 in file ..\CORE\startup_stm32f10x_hd.s
   Uses
      At line 100 in file ..\CORE\startup_stm32f10x_hd.s
      At line 211 in file ..\CORE\startup_stm32f10x_hd.s

DMA2_Channel1_IRQHandler 00000014




ARM Macro Assembler    Page 3 Alphabetic symbol ordering
Relocatable symbols

Symbol: DMA2_Channel1_IRQHandler
   Definitions
      At line 311 in file ..\CORE\startup_stm32f10x_hd.s
   Uses
      At line 139 in file ..\CORE\startup_stm32f10x_hd.s
      At line 250 in file ..\CORE\startup_stm32f10x_hd.s

DMA2_Channel2_IRQHandler 00000014

Symbol: DMA2_Channel2_IRQHandler
   Definitions
      At line 312 in file ..\CORE\startup_stm32f10x_hd.s
   Uses
      At line 140 in file ..\CORE\startup_stm32f10x_hd.s
      At line 251 in file ..\CORE\startup_stm32f10x_hd.s

DMA2_Channel3_IRQHandler 00000014

Symbol: DMA2_Channel3_IRQHandler
   Definitions
      At line 313 in file ..\CORE\startup_stm32f10x_hd.s
   Uses
      At line 141 in file ..\CORE\startup_stm32f10x_hd.s
      At line 252 in file ..\CORE\startup_stm32f10x_hd.s

DMA2_Channel4_5_IRQHandler 00000014

Symbol: DMA2_Channel4_5_IRQHandler
   Definitions
      At line 314 in file ..\CORE\startup_stm32f10x_hd.s
   Uses
      At line 142 in file ..\CORE\startup_stm32f10x_hd.s
      At line 253 in file ..\CORE\startup_stm32f10x_hd.s

DebugMon_Handler 00000012

Symbol: DebugMon_Handler
   Definitions
      At line 187 in file ..\CORE\startup_stm32f10x_hd.s
   Uses
      At line 77 in file ..\CORE\startup_stm32f10x_hd.s
      At line 188 in file ..\CORE\startup_stm32f10x_hd.s

Default_Handler 00000014

Symbol: Default_Handler
   Definitions
      At line 192 in file ..\CORE\startup_stm32f10x_hd.s
   Uses
      None
Comment: Default_Handler unused
EXTI0_IRQHandler 00000014

Symbol: EXTI0_IRQHandler
   Definitions
      At line 261 in file ..\CORE\startup_stm32f10x_hd.s
   Uses
      At line 89 in file ..\CORE\startup_stm32f10x_hd.s
      At line 200 in file ..\CORE\startup_stm32f10x_hd.s



ARM Macro Assembler    Page 4 Alphabetic symbol ordering
Relocatable symbols


EXTI15_10_IRQHandler 00000014

Symbol: EXTI15_10_IRQHandler
   Definitions
      At line 295 in file ..\CORE\startup_stm32f10x_hd.s
   Uses
      At line 123 in file ..\CORE\startup_stm32f10x_hd.s
      At line 234 in file ..\CORE\startup_stm32f10x_hd.s

EXTI1_IRQHandler 00000014

Symbol: EXTI1_IRQHandler
   Definitions
      At line 262 in file ..\CORE\startup_stm32f10x_hd.s
   Uses
      At line 90 in file ..\CORE\startup_stm32f10x_hd.s
      At line 201 in file ..\CORE\startup_stm32f10x_hd.s

EXTI2_IRQHandler 00000014

Symbol: EXTI2_IRQHandler
   Definitions
      At line 263 in file ..\CORE\startup_stm32f10x_hd.s
   Uses
      At line 91 in file ..\CORE\startup_stm32f10x_hd.s
      At line 202 in file ..\CORE\startup_stm32f10x_hd.s

EXTI3_IRQHandler 00000014

Symbol: EXTI3_IRQHandler
   Definitions
      At line 264 in file ..\CORE\startup_stm32f10x_hd.s
   Uses
      At line 92 in file ..\CORE\startup_stm32f10x_hd.s
      At line 203 in file ..\CORE\startup_stm32f10x_hd.s

EXTI4_IRQHandler 00000014

Symbol: EXTI4_IRQHandler
   Definitions
      At line 265 in file ..\CORE\startup_stm32f10x_hd.s
   Uses
      At line 93 in file ..\CORE\startup_stm32f10x_hd.s
      At line 204 in file ..\CORE\startup_stm32f10x_hd.s

EXTI9_5_IRQHandler 00000014

Symbol: EXTI9_5_IRQHandler
   Definitions
      At line 278 in file ..\CORE\startup_stm32f10x_hd.s
   Uses
      At line 106 in file ..\CORE\startup_stm32f10x_hd.s
      At line 217 in file ..\CORE\startup_stm32f10x_hd.s

FLASH_IRQHandler 00000014

Symbol: FLASH_IRQHandler
   Definitions



ARM Macro Assembler    Page 5 Alphabetic symbol ordering
Relocatable symbols

      At line 259 in file ..\CORE\startup_stm32f10x_hd.s
   Uses
      At line 87 in file ..\CORE\startup_stm32f10x_hd.s
      At line 198 in file ..\CORE\startup_stm32f10x_hd.s

FSMC_IRQHandler 00000014

Symbol: FSMC_IRQHandler
   Definitions
      At line 303 in file ..\CORE\startup_stm32f10x_hd.s
   Uses
      At line 131 in file ..\CORE\startup_stm32f10x_hd.s
      At line 242 in file ..\CORE\startup_stm32f10x_hd.s

HardFault_Handler 0000000A

Symbol: HardFault_Handler
   Definitions
      At line 167 in file ..\CORE\startup_stm32f10x_hd.s
   Uses
      At line 68 in file ..\CORE\startup_stm32f10x_hd.s
      At line 168 in file ..\CORE\startup_stm32f10x_hd.s

I2C1_ER_IRQHandler 00000014

Symbol: I2C1_ER_IRQHandler
   Definitions
      At line 287 in file ..\CORE\startup_stm32f10x_hd.s
   Uses
      At line 115 in file ..\CORE\startup_stm32f10x_hd.s
      At line 226 in file ..\CORE\startup_stm32f10x_hd.s

I2C1_EV_IRQHandler 00000014

Symbol: I2C1_EV_IRQHandler
   Definitions
      At line 286 in file ..\CORE\startup_stm32f10x_hd.s
   Uses
      At line 114 in file ..\CORE\startup_stm32f10x_hd.s
      At line 225 in file ..\CORE\startup_stm32f10x_hd.s

I2C2_ER_IRQHandler 00000014

Symbol: I2C2_ER_IRQHandler
   Definitions
      At line 289 in file ..\CORE\startup_stm32f10x_hd.s
   Uses
      At line 117 in file ..\CORE\startup_stm32f10x_hd.s
      At line 228 in file ..\CORE\startup_stm32f10x_hd.s

I2C2_EV_IRQHandler 00000014

Symbol: I2C2_EV_IRQHandler
   Definitions
      At line 288 in file ..\CORE\startup_stm32f10x_hd.s
   Uses
      At line 116 in file ..\CORE\startup_stm32f10x_hd.s
      At line 227 in file ..\CORE\startup_stm32f10x_hd.s




ARM Macro Assembler    Page 6 Alphabetic symbol ordering
Relocatable symbols

MemManage_Handler 0000000C

Symbol: MemManage_Handler
   Definitions
      At line 172 in file ..\CORE\startup_stm32f10x_hd.s
   Uses
      At line 69 in file ..\CORE\startup_stm32f10x_hd.s
      At line 173 in file ..\CORE\startup_stm32f10x_hd.s

NMI_Handler 00000008

Symbol: NMI_Handler
   Definitions
      At line 162 in file ..\CORE\startup_stm32f10x_hd.s
   Uses
      At line 67 in file ..\CORE\startup_stm32f10x_hd.s
      At line 163 in file ..\CORE\startup_stm32f10x_hd.s

PVD_IRQHandler 00000014

Symbol: PVD_IRQHandler
   Definitions
      At line 256 in file ..\CORE\startup_stm32f10x_hd.s
   Uses
      At line 84 in file ..\CORE\startup_stm32f10x_hd.s
      At line 195 in file ..\CORE\startup_stm32f10x_hd.s

RCC_IRQHandler 00000014

Symbol: RCC_IRQHandler
   Definitions
      At line 260 in file ..\CORE\startup_stm32f10x_hd.s
   Uses
      At line 88 in file ..\CORE\startup_stm32f10x_hd.s
      At line 199 in file ..\CORE\startup_stm32f10x_hd.s

RTCAlarm_IRQHandler 00000014

Symbol: RTCAlarm_IRQHandler
   Definitions
      At line 296 in file ..\CORE\startup_stm32f10x_hd.s
   Uses
      At line 124 in file ..\CORE\startup_stm32f10x_hd.s
      At line 235 in file ..\CORE\startup_stm32f10x_hd.s

RTC_IRQHandler 00000014

Symbol: RTC_IRQHandler
   Definitions
      At line 258 in file ..\CORE\startup_stm32f10x_hd.s
   Uses
      At line 86 in file ..\CORE\startup_stm32f10x_hd.s
      At line 197 in file ..\CORE\startup_stm32f10x_hd.s

Reset_Handler 00000000

Symbol: Reset_Handler
   Definitions
      At line 150 in file ..\CORE\startup_stm32f10x_hd.s



ARM Macro Assembler    Page 7 Alphabetic symbol ordering
Relocatable symbols

   Uses
      At line 66 in file ..\CORE\startup_stm32f10x_hd.s
      At line 151 in file ..\CORE\startup_stm32f10x_hd.s

SDIO_IRQHandler 00000014

Symbol: SDIO_IRQHandler
   Definitions
      At line 304 in file ..\CORE\startup_stm32f10x_hd.s
   Uses
      At line 132 in file ..\CORE\startup_stm32f10x_hd.s
      At line 243 in file ..\CORE\startup_stm32f10x_hd.s

SPI1_IRQHandler 00000014

Symbol: SPI1_IRQHandler
   Definitions
      At line 290 in file ..\CORE\startup_stm32f10x_hd.s
   Uses
      At line 118 in file ..\CORE\startup_stm32f10x_hd.s
      At line 229 in file ..\CORE\startup_stm32f10x_hd.s

SPI2_IRQHandler 00000014

Symbol: SPI2_IRQHandler
   Definitions
      At line 291 in file ..\CORE\startup_stm32f10x_hd.s
   Uses
      At line 119 in file ..\CORE\startup_stm32f10x_hd.s
      At line 230 in file ..\CORE\startup_stm32f10x_hd.s

SPI3_IRQHandler 00000014

Symbol: SPI3_IRQHandler
   Definitions
      At line 306 in file ..\CORE\startup_stm32f10x_hd.s
   Uses
      At line 134 in file ..\CORE\startup_stm32f10x_hd.s
      At line 245 in file ..\CORE\startup_stm32f10x_hd.s

TAMPER_IRQHandler 00000014

Symbol: TAMPER_IRQHandler
   Definitions
      At line 257 in file ..\CORE\startup_stm32f10x_hd.s
   Uses
      At line 85 in file ..\CORE\startup_stm32f10x_hd.s
      At line 196 in file ..\CORE\startup_stm32f10x_hd.s

TIM1_BRK_IRQHandler 00000014

Symbol: TIM1_BRK_IRQHandler
   Definitions
      At line 279 in file ..\CORE\startup_stm32f10x_hd.s
   Uses
      At line 107 in file ..\CORE\startup_stm32f10x_hd.s
      At line 218 in file ..\CORE\startup_stm32f10x_hd.s

TIM1_CC_IRQHandler 00000014



ARM Macro Assembler    Page 8 Alphabetic symbol ordering
Relocatable symbols


Symbol: TIM1_CC_IRQHandler
   Definitions
      At line 282 in file ..\CORE\startup_stm32f10x_hd.s
   Uses
      At line 110 in file ..\CORE\startup_stm32f10x_hd.s
      At line 221 in file ..\CORE\startup_stm32f10x_hd.s

TIM1_TRG_COM_IRQHandler 00000014

Symbol: TIM1_TRG_COM_IRQHandler
   Definitions
      At line 281 in file ..\CORE\startup_stm32f10x_hd.s
   Uses
      At line 109 in file ..\CORE\startup_stm32f10x_hd.s
      At line 220 in file ..\CORE\startup_stm32f10x_hd.s

TIM1_UP_IRQHandler 00000014

Symbol: TIM1_UP_IRQHandler
   Definitions
      At line 280 in file ..\CORE\startup_stm32f10x_hd.s
   Uses
      At line 108 in file ..\CORE\startup_stm32f10x_hd.s
      At line 219 in file ..\CORE\startup_stm32f10x_hd.s

TIM2_IRQHandler 00000014

Symbol: TIM2_IRQHandler
   Definitions
      At line 283 in file ..\CORE\startup_stm32f10x_hd.s
   Uses
      At line 111 in file ..\CORE\startup_stm32f10x_hd.s
      At line 222 in file ..\CORE\startup_stm32f10x_hd.s

TIM3_IRQHandler 00000014

Symbol: TIM3_IRQHandler
   Definitions
      At line 284 in file ..\CORE\startup_stm32f10x_hd.s
   Uses
      At line 112 in file ..\CORE\startup_stm32f10x_hd.s
      At line 223 in file ..\CORE\startup_stm32f10x_hd.s

TIM4_IRQHandler 00000014

Symbol: TIM4_IRQHandler
   Definitions
      At line 285 in file ..\CORE\startup_stm32f10x_hd.s
   Uses
      At line 113 in file ..\CORE\startup_stm32f10x_hd.s
      At line 224 in file ..\CORE\startup_stm32f10x_hd.s

TIM5_IRQHandler 00000014

Symbol: TIM5_IRQHandler
   Definitions
      At line 305 in file ..\CORE\startup_stm32f10x_hd.s
   Uses



ARM Macro Assembler    Page 9 Alphabetic symbol ordering
Relocatable symbols

      At line 133 in file ..\CORE\startup_stm32f10x_hd.s
      At line 244 in file ..\CORE\startup_stm32f10x_hd.s

TIM6_IRQHandler 00000014

Symbol: TIM6_IRQHandler
   Definitions
      At line 309 in file ..\CORE\startup_stm32f10x_hd.s
   Uses
      At line 137 in file ..\CORE\startup_stm32f10x_hd.s
      At line 248 in file ..\CORE\startup_stm32f10x_hd.s

TIM7_IRQHandler 00000014

Symbol: TIM7_IRQHandler
   Definitions
      At line 310 in file ..\CORE\startup_stm32f10x_hd.s
   Uses
      At line 138 in file ..\CORE\startup_stm32f10x_hd.s
      At line 249 in file ..\CORE\startup_stm32f10x_hd.s

TIM8_BRK_IRQHandler 00000014

Symbol: TIM8_BRK_IRQHandler
   Definitions
      At line 298 in file ..\CORE\startup_stm32f10x_hd.s
   Uses
      At line 126 in file ..\CORE\startup_stm32f10x_hd.s
      At line 237 in file ..\CORE\startup_stm32f10x_hd.s

TIM8_CC_IRQHandler 00000014

Symbol: TIM8_CC_IRQHandler
   Definitions
      At line 301 in file ..\CORE\startup_stm32f10x_hd.s
   Uses
      At line 129 in file ..\CORE\startup_stm32f10x_hd.s
      At line 240 in file ..\CORE\startup_stm32f10x_hd.s

TIM8_TRG_COM_IRQHandler 00000014

Symbol: TIM8_TRG_COM_IRQHandler
   Definitions
      At line 300 in file ..\CORE\startup_stm32f10x_hd.s
   Uses
      At line 128 in file ..\CORE\startup_stm32f10x_hd.s
      At line 239 in file ..\CORE\startup_stm32f10x_hd.s

TIM8_UP_IRQHandler 00000014

Symbol: TIM8_UP_IRQHandler
   Definitions
      At line 299 in file ..\CORE\startup_stm32f10x_hd.s
   Uses
      At line 127 in file ..\CORE\startup_stm32f10x_hd.s
      At line 238 in file ..\CORE\startup_stm32f10x_hd.s

UART4_IRQHandler 00000014




ARM Macro Assembler    Page 10 Alphabetic symbol ordering
Relocatable symbols

Symbol: UART4_IRQHandler
   Definitions
      At line 307 in file ..\CORE\startup_stm32f10x_hd.s
   Uses
      At line 135 in file ..\CORE\startup_stm32f10x_hd.s
      At line 246 in file ..\CORE\startup_stm32f10x_hd.s

UART5_IRQHandler 00000014

Symbol: UART5_IRQHandler
   Definitions
      At line 308 in file ..\CORE\startup_stm32f10x_hd.s
   Uses
      At line 136 in file ..\CORE\startup_stm32f10x_hd.s
      At line 247 in file ..\CORE\startup_stm32f10x_hd.s

USART1_IRQHandler 00000014

Symbol: USART1_IRQHandler
   Definitions
      At line 292 in file ..\CORE\startup_stm32f10x_hd.s
   Uses
      At line 120 in file ..\CORE\startup_stm32f10x_hd.s
      At line 231 in file ..\CORE\startup_stm32f10x_hd.s

USART2_IRQHandler 00000014

Symbol: USART2_IRQHandler
   Definitions
      At line 293 in file ..\CORE\startup_stm32f10x_hd.s
   Uses
      At line 121 in file ..\CORE\startup_stm32f10x_hd.s
      At line 232 in file ..\CORE\startup_stm32f10x_hd.s

USART3_IRQHandler 00000014

Symbol: USART3_IRQHandler
   Definitions
      At line 294 in file ..\CORE\startup_stm32f10x_hd.s
   Uses
      At line 122 in file ..\CORE\startup_stm32f10x_hd.s
      At line 233 in file ..\CORE\startup_stm32f10x_hd.s

USBWakeUp_IRQHandler 00000014

Symbol: USBWakeUp_IRQHandler
   Definitions
      At line 297 in file ..\CORE\startup_stm32f10x_hd.s
   Uses
      At line 125 in file ..\CORE\startup_stm32f10x_hd.s
      At line 236 in file ..\CORE\startup_stm32f10x_hd.s

USB_HP_CAN1_TX_IRQHandler 00000014

Symbol: USB_HP_CAN1_TX_IRQHandler
   Definitions
      At line 274 in file ..\CORE\startup_stm32f10x_hd.s
   Uses
      At line 102 in file ..\CORE\startup_stm32f10x_hd.s



ARM Macro Assembler    Page 11 Alphabetic symbol ordering
Relocatable symbols

      At line 213 in file ..\CORE\startup_stm32f10x_hd.s

USB_LP_CAN1_RX0_IRQHandler 00000014

Symbol: USB_LP_CAN1_RX0_IRQHandler
   Definitions
      At line 275 in file ..\CORE\startup_stm32f10x_hd.s
   Uses
      At line 103 in file ..\CORE\startup_stm32f10x_hd.s
      At line 214 in file ..\CORE\startup_stm32f10x_hd.s

UsageFault_Handler 00000010

Symbol: UsageFault_Handler
   Definitions
      At line 182 in file ..\CORE\startup_stm32f10x_hd.s
   Uses
      At line 71 in file ..\CORE\startup_stm32f10x_hd.s
      At line 183 in file ..\CORE\startup_stm32f10x_hd.s

WWDG_IRQHandler 00000014

Symbol: WWDG_IRQHandler
   Definitions
      At line 255 in file ..\CORE\startup_stm32f10x_hd.s
   Uses
      At line 83 in file ..\CORE\startup_stm32f10x_hd.s
      At line 194 in file ..\CORE\startup_stm32f10x_hd.s

69 symbols



ARM Macro Assembler    Page 1 Alphabetic symbol ordering
Absolute symbols

Heap_Size 00000200

Symbol: Heap_Size
   Definitions
      At line 45 in file ..\CORE\startup_stm32f10x_hd.s
   Uses
      At line 49 in file ..\CORE\startup_stm32f10x_hd.s
Comment: Heap_Size used once
Stack_Size 00000400

Symbol: Stack_Size
   Definitions
      At line 35 in file ..\CORE\startup_stm32f10x_hd.s
   Uses
      At line 38 in file ..\CORE\startup_stm32f10x_hd.s
Comment: Stack_Size used once
__Vectors_Size 00000130

Symbol: __Vectors_Size
   Definitions
      At line 145 in file ..\CORE\startup_stm32f10x_hd.s
   Uses
      At line 60 in file ..\CORE\startup_stm32f10x_hd.s
Comment: __Vectors_Size used once
3 symbols



ARM Macro Assembler    Page 1 Alphabetic symbol ordering
External symbols

SystemInit 00000000

Symbol: SystemInit
   Definitions
      At line 153 in file ..\CORE\startup_stm32f10x_hd.s
   Uses
      At line 154 in file ..\CORE\startup_stm32f10x_hd.s
Comment: SystemInit used once
__main 00000000

Symbol: __main
   Definitions
      At line 152 in file ..\CORE\startup_stm32f10x_hd.s
   Uses
      At line 156 in file ..\CORE\startup_stm32f10x_hd.s
Comment: __main used once
vPortSVCHandler 00000000

Symbol: vPortSVCHandler
   Definitions
      At line 61 in file ..\CORE\startup_stm32f10x_hd.s
   Uses
      At line 76 in file ..\CORE\startup_stm32f10x_hd.s
Comment: vPortSVCHandler used once
xPortPendSVHandler 00000000

Symbol: xPortPendSVHandler
   Definitions
      At line 62 in file ..\CORE\startup_stm32f10x_hd.s
   Uses
      At line 79 in file ..\CORE\startup_stm32f10x_hd.s
Comment: xPortPendSVHandler used once
xPortSysTickHandler 00000000

Symbol: xPortSysTickHandler
   Definitions
      At line 63 in file ..\CORE\startup_stm32f10x_hd.s
   Uses
      At line 80 in file ..\CORE\startup_stm32f10x_hd.s
Comment: xPortSysTickHandler used once
5 symbols
422 symbols in table
